Build started 16/03/2015 15:10:21.
     1>Project "C:\Users\n3035136\Desktop\GEC_ICA3\SFMLGame\SFMLGame.vcxproj" on node 2 (Build target(s)).
     1>ClCompile:
         C:\Program Files (x86)\Microsoft Visual Studio 12.0\VC\bin\CL.exe /c /I"C:\SFML\SFML-2.1\include" /ZI /nologo /W3 /WX- /sdl /Od /Oy- /D WIN32 /D _DEBUG /D _CONSOLE /D _LIB /D _UNICODE /D UNICODE /Gm /EHsc /RTC1 /MDd /GS /fp:precise /Zc:wchar_t /Zc:forScope /Fo"Debug\\" /Fd"Debug\vc120.pdb" /Gd /TP /analyze- /errorReport:prompt Src\GameState.cpp Src\MapHandler.cpp Src\Main.cpp Src\MenuState.cpp Src\StateHandler.cpp
         StateHandler.cpp
         MenuState.cpp
         Main.cpp
         MapHandler.cpp
     1>c:\users\n3035136\desktop\gec_ica3\sfmlgame\src\maphandler.cpp(85): warning C4018: '>' : signed/unsigned mismatch
         GameState.cpp
     1>c:\users\n3035136\desktop\gec_ica3\sfmlgame\src\gamestate.cpp(34): warning C4018: '<' : signed/unsigned mismatch
         Generating Code...
       Link:
         C:\Program Files (x86)\Microsoft Visual Studio 12.0\VC\bin\link.exe /ERRORREPORT:PROMPT /OUT:"C:\Users\n3035136\Desktop\GEC_ICA3\Debug\SFMLGame.exe" /INCREMENTAL /NOLOGO /LIBPATH:"C:\SFML\SFML-2.1\Libs\Debug" "sfml-graphics-d.lib" "sfml-window-d.lib" "sfml-system-d.lib" kernel32.lib user32.lib gdi32.lib winspool.lib comdlg32.lib advapi32.lib shell32.lib ole32.lib oleaut32.lib uuid.lib odbc32.lib odbccp32.lib /MANIFEST /MANIFESTUAC:"level='asInvoker' uiAccess='false'" /manifest:embed /DEBUG /PDB:"C:\Users\n3035136\Desktop\GEC_ICA3\Debug\SFMLGame.pdb" /SUBSYSTEM:CONSOLE /TLBID:1 /DYNAMICBASE /NXCOMPAT /IMPLIB:"C:\Users\n3035136\Desktop\GEC_ICA3\Debug\SFMLGame.lib" /MACHINE:X86 Debug\GameState.obj
         Debug\MapHandler.obj
         Debug\Main.obj
         Debug\MenuState.obj
         Debug\StateHandler.obj
         SFMLGame.vcxproj -> C:\Users\n3035136\Desktop\GEC_ICA3\Debug\SFMLGame.exe
     1>Done Building Project "C:\Users\n3035136\Desktop\GEC_ICA3\SFMLGame\SFMLGame.vcxproj" (Build target(s)).

Build succeeded.

Time Elapsed 00:00:03.86
